
  .   ____          _            __ _ _
 /\\ / ___'_ __ _ _(_)_ __  __ _ \ \ \ \
( ( )\___ | '_ | '_| | '_ \/ _` | \ \ \ \
 \\/  ___)| |_)| | | | | || (_| |  ) ) ) )
  '  |____| .__|_| |_|_| |_\__, | / / / /
 =========|_|==============|___/=/_/_/_/

 :: Spring Boot ::                (v4.0.0)

2025-12-21T12:48:09.190+05:30  INFO 31200 --- [fintrack] [           main] com.disha.fintrack.FintrackApplication   : Starting FintrackApplication v0.0.1-SNAPSHOT using Java 21.0.9 with PID 31200 (E:\Java\fintrack\target\fintrack-0.0.1-SNAPSHOT.jar started by Disha Singh in E:\Java\fintrack\target)
2025-12-21T12:48:09.200+05:30  INFO 31200 --- [fintrack] [           main] com.disha.fintrack.FintrackApplication   : No active profile set, falling back to 1 default profile: "default"
2025-12-21T12:48:13.408+05:30  INFO 31200 --- [fintrack] [           main] .s.d.r.c.RepositoryConfigurationDelegate : Bootstrapping Spring Data JPA repositories in DEFAULT mode.
2025-12-21T12:48:13.582+05:30  INFO 31200 --- [fintrack] [           main] .s.d.r.c.RepositoryConfigurationDelegate : Finished Spring Data repository scanning in 159 ms. Found 1 JPA repository interface.
2025-12-21T12:48:14.447+05:30  INFO 31200 --- [fintrack] [           main] o.s.boot.tomcat.TomcatWebServer          : Tomcat initialized with port 8081 (http)
2025-12-21T12:48:14.471+05:30  INFO 31200 --- [fintrack] [           main] o.apache.catalina.core.StandardService   : Starting service [Tomcat]
2025-12-21T12:48:14.472+05:30  INFO 31200 --- [fintrack] [           main] o.apache.catalina.core.StandardEngine    : Starting Servlet engine: [Apache Tomcat/11.0.14]
2025-12-21T12:48:14.513+05:30  INFO 31200 --- [fintrack] [           main] b.w.c.s.WebApplicationContextInitializer : Root WebApplicationContext: initialization completed in 5195 ms
2025-12-21T12:48:14.752+05:30  INFO 31200 --- [fintrack] [           main] o.hibernate.jpa.internal.util.LogHelper  : HHH000204: Processing PersistenceUnitInfo [name: default]
2025-12-21T12:48:14.825+05:30  INFO 31200 --- [fintrack] [           main] org.hibernate.Version                    : HHH000412: Hibernate ORM core version 7.1.8.Final
2025-12-21T12:48:15.638+05:30  INFO 31200 --- [fintrack] [           main] o.s.o.j.p.SpringPersistenceUnitInfo      : No LoadTimeWeaver setup: ignoring JPA class transformer
2025-12-21T12:48:15.692+05:30  INFO 31200 --- [fintrack] [           main] com.zaxxer.hikari.HikariDataSource       : HikariPool-1 - Starting...
2025-12-21T12:48:16.523+05:30  INFO 31200 --- [fintrack] [           main] com.zaxxer.hikari.pool.HikariPool        : HikariPool-1 - Added connection com.mysql.cj.jdbc.ConnectionImpl@5cb8580
2025-12-21T12:48:16.526+05:30  INFO 31200 --- [fintrack] [           main] com.zaxxer.hikari.HikariDataSource       : HikariPool-1 - Start completed.
2025-12-21T12:48:16.689+05:30  INFO 31200 --- [fintrack] [           main] org.hibernate.orm.connections.pooling    : HHH10001005: Database info:
	Database JDBC URL [jdbc:mysql://localhost:3306/fintrack]
	Database driver: MySQL Connector/J
	Database dialect: MySQLDialect
	Database version: 8.0.44
	Default catalog/schema: fintrack/undefined
	Autocommit mode: undefined/unknown
	Isolation level: REPEATABLE_READ [default REPEATABLE_READ]
	JDBC fetch size: none
	Pool: DatasourceConnectionProviderImpl
	Minimum pool size: undefined/unknown
	Maximum pool size: undefined/unknown
2025-12-21T12:48:18.025+05:30  INFO 31200 --- [fintrack] [           main] o.h.e.t.j.p.i.JtaPlatformInitiator       : HHH000489: No JTA platform available (set 'hibernate.transaction.jta.platform' to enable JTA platform integration)
2025-12-21T12:48:18.122+05:30  INFO 31200 --- [fintrack] [           main] j.LocalContainerEntityManagerFactoryBean : Initialized JPA EntityManagerFactory for persistence unit 'default'
2025-12-21T12:48:18.224+05:30  INFO 31200 --- [fintrack] [           main] o.s.d.j.r.query.QueryEnhancerFactories   : Hibernate is in classpath; If applicable, HQL parser will be used.
2025-12-21T12:48:18.816+05:30  WARN 31200 --- [fintrack] [           main] c.disha.fintrack.service.EmailService    : Mail username or password is not set. Emails will be disabled. Set MAIL_USERNAME and MAIL_PASSWORD environment variables or provide them in application.properties to enable sending.
2025-12-21T12:48:18.878+05:30  INFO 31200 --- [fintrack] [           main] r$InitializeUserDetailsManagerConfigurer : Global AuthenticationManager configured with UserDetailsService bean with name appUserDetailsService
2025-12-21T12:48:18.988+05:30  WARN 31200 --- [fintrack] [           main] JpaBaseConfiguration$JpaWebConfiguration : spring.jpa.open-in-view is enabled by default. Therefore, database queries may be performed during view rendering. Explicitly configure spring.jpa.open-in-view to disable this warning
2025-12-21T12:48:20.460+05:30  INFO 31200 --- [fintrack] [           main] o.s.boot.tomcat.TomcatWebServer          : Tomcat started on port 8081 (http) with context path '/api/v1.0'
2025-12-21T12:48:20.488+05:30  INFO 31200 --- [fintrack] [           main] com.disha.fintrack.FintrackApplication   : Started FintrackApplication in 11.88 seconds (process running for 13.162)
2025-12-21T13:22:48.761+05:30  WARN 31200 --- [fintrack] [l-1:housekeeper] com.zaxxer.hikari.pool.HikariPool        : HikariPool-1 - Thread starvation or clock leap detected (housekeeper delta=14m1s780ms723µs400ns).
2025-12-21T14:35:13.772+05:30  WARN 31200 --- [fintrack] [l-1:housekeeper] com.zaxxer.hikari.pool.HikariPool        : HikariPool-1 - Thread starvation or clock leap detected (housekeeper delta=2m53s562ms859µs700ns).
2025-12-21T16:43:03.408+05:30  WARN 31200 --- [fintrack] [l-1:housekeeper] com.zaxxer.hikari.pool.HikariPool        : HikariPool-1 - Thread starvation or clock leap detected (housekeeper delta=15m17s575ms338µs800ns).
2025-12-21T16:53:55.401+05:30  WARN 31200 --- [fintrack] [l-1:housekeeper] com.zaxxer.hikari.pool.HikariPool        : HikariPool-1 - Thread starvation or clock leap detected (housekeeper delta=4m21s583ms445µs700ns).
2025-12-21T18:39:53.383+05:30  WARN 31200 --- [fintrack] [l-1:housekeeper] com.zaxxer.hikari.pool.HikariPool        : HikariPool-1 - Thread starvation or clock leap detected (housekeeper delta=4m26s243ms272µs).
2025-12-21T20:15:13.247+05:30  WARN 31200 --- [fintrack] [l-1:housekeeper] com.zaxxer.hikari.pool.HikariPool        : HikariPool-1 - Thread starvation or clock leap detected (housekeeper delta=9m50s13ms670µs300ns).
2025-12-21T20:26:36.493+05:30  WARN 31200 --- [fintrack] [l-1:housekeeper] com.zaxxer.hikari.pool.HikariPool        : HikariPool-1 - Thread starvation or clock leap detected (housekeeper delta=52s915ms860µs900ns).
2025-12-21T20:47:33.379+05:30  WARN 31200 --- [fintrack] [l-1:housekeeper] com.zaxxer.hikari.pool.HikariPool        : HikariPool-1 - Thread starvation or clock leap detected (housekeeper delta=20m56s898ms167µs700ns).
^C