2026-03-01T11:44:39.140+05:30  WARN 12168 --- [fintrack] [HikariPool-1 housekeeper] com.zaxxer.hikari.pool.HikariPool        : HikariPool-1 - Thread starvation or clock leap detected (housekeeper delta=11h55m48s427ms374µs400ns).
2026-03-01T11:46:17.964+05:30  WARN 12168 --- [fintrack] [HikariPool-1 housekeeper] com.zaxxer.hikari.pool.HikariPool        : HikariPool-1 - Thread starvation or clock leap detected (housekeeper delta=1m40s299ms745µs600ns).
2026-03-01T11:46:52.549+05:30  INFO 12168 --- [fintrack] [SpringApplicationShutdownHook] j.LocalContainerEntityManagerFactoryBean : Closing JPA EntityManagerFactory for persistence unit 'default'
2026-03-01T11:46:53.265+05:30  INFO 12168 --- [fintrack] [SpringApplicationShutdownHook] com.zaxxer.hikari.HikariDataSource       : HikariPool-1 - Shutdown initiated...
2026-03-01T11:46:54.086+05:30  INFO 12168 --- [fintrack] [SpringApplicationShutdownHook] com.zaxxer.hikari.HikariDataSource       : HikariPool-1 - Shutdown completed.
2026-03-01T16:57:27.081+05:30  INFO 24548 --- [fintrack] [main] com.disha.fintrack.FintrackApplication   : Starting FintrackApplication using Java 21.0.9 with PID 24548 (E:\Java\fintrack project\fintrack test\target\classes started by Disha Singh in E:\Java\fintrack project\fintrack test)
2026-03-01T16:57:27.085+05:30  INFO 24548 --- [fintrack] [main] com.disha.fintrack.FintrackApplication   : No active profile set, falling back to 1 default profile: "default"
2026-03-01T16:57:29.459+05:30  INFO 24548 --- [fintrack] [main] .s.d.r.c.RepositoryConfigurationDelegate : Bootstrapping Spring Data JPA repositories in DEFAULT mode.
2026-03-01T16:57:29.726+05:30  INFO 24548 --- [fintrack] [main] .s.d.r.c.RepositoryConfigurationDelegate : Finished Spring Data repository scanning in 243 ms. Found 5 JPA repository interfaces.
2026-03-01T16:57:32.449+05:30  INFO 24548 --- [fintrack] [main] o.s.b.w.embedded.tomcat.TomcatWebServer  : Tomcat initialized with port 8080 (http)
2026-03-01T16:57:32.497+05:30  INFO 24548 --- [fintrack] [main] o.apache.catalina.core.StandardService   : Starting service [Tomcat]
2026-03-01T16:57:32.498+05:30  INFO 24548 --- [fintrack] [main] o.apache.catalina.core.StandardEngine    : Starting Servlet engine: [Apache Tomcat/10.1.30]
2026-03-01T16:57:32.664+05:30  INFO 24548 --- [fintrack] [main] o.a.c.c.C.[.[localhost].[/api/v1.0]      : Initializing Spring embedded WebApplicationContext
2026-03-01T16:57:32.664+05:30  INFO 24548 --- [fintrack] [main] w.s.c.ServletWebServerApplicationContext : Root WebApplicationContext: initialization completed in 5500 ms
2026-03-01T16:57:33.217+05:30  INFO 24548 --- [fintrack] [main] o.hibernate.jpa.internal.util.LogHelper  : HHH000204: Processing PersistenceUnitInfo [name: default]
2026-03-01T16:57:33.408+05:30  INFO 24548 --- [fintrack] [main] org.hibernate.Version                    : HHH000412: Hibernate ORM core version 6.5.3.Final
2026-03-01T16:57:33.522+05:30  INFO 24548 --- [fintrack] [main] o.h.c.internal.RegionFactoryInitiator    : HHH000026: Second-level cache disabled
2026-03-01T16:57:34.166+05:30  INFO 24548 --- [fintrack] [main] o.s.o.j.p.SpringPersistenceUnitInfo      : No LoadTimeWeaver setup: ignoring JPA class transformer
2026-03-01T16:57:34.233+05:30  INFO 24548 --- [fintrack] [main] com.zaxxer.hikari.HikariDataSource       : HikariPool-1 - Starting...
2026-03-01T16:57:34.794+05:30  INFO 24548 --- [fintrack] [main] com.zaxxer.hikari.pool.HikariPool        : HikariPool-1 - Added connection com.mysql.cj.jdbc.ConnectionImpl@75b363c3
2026-03-01T16:57:34.801+05:30  INFO 24548 --- [fintrack] [main] com.zaxxer.hikari.HikariDataSource       : HikariPool-1 - Start completed.
2026-03-01T16:57:34.966+05:30  WARN 24548 --- [fintrack] [main] org.hibernate.orm.deprecation            : HHH90000025: MySQLDialect does not need to be specified explicitly using 'hibernate.dialect' (remove the property setting and it will be selected by default)
2026-03-01T16:57:36.812+05:30  INFO 24548 --- [fintrack] [main] o.h.e.t.j.p.i.JtaPlatformInitiator       : HHH000489: No JTA platform available (set 'hibernate.transaction.jta.platform' to enable JTA platform integration)
2026-03-01T16:57:37.105+05:30  INFO 24548 --- [fintrack] [main] j.LocalContainerEntityManagerFactoryBean : Initialized JPA EntityManagerFactory for persistence unit 'default'
2026-03-01T16:57:39.831+05:30  INFO 24548 --- [fintrack] [main] c.disha.fintrack.service.EmailService    : ===== MAIL CONFIG CHECK =====
2026-03-01T16:57:39.832+05:30  INFO 24548 --- [fintrack] [main] c.disha.fintrack.service.EmailService    : spring.mail.username = 9e7973001@smtp-brevo.com
2026-03-01T16:57:39.832+05:30  INFO 24548 --- [fintrack] [main] c.disha.fintrack.service.EmailService    : spring.mail.password = ******
2026-03-01T16:57:39.832+05:30  INFO 24548 --- [fintrack] [main] c.disha.fintrack.service.EmailService    : spring.mail.properties.mail.smtp.from = dishumau@gmail.com
2026-03-01T16:57:39.832+05:30  INFO 24548 --- [fintrack] [main] c.disha.fintrack.service.EmailService    : =============================
2026-03-01T16:57:39.918+05:30  INFO 24548 --- [fintrack] [main] r$InitializeUserDetailsManagerConfigurer : Global AuthenticationManager configured with UserDetailsService bean with name appUserDetailsService
2026-03-01T16:57:40.231+05:30  INFO 24548 --- [fintrack] [main] o.s.d.j.r.query.QueryEnhancerFactory     : Hibernate is in classpath; If applicable, HQL parser will be used.
2026-03-01T16:57:42.675+05:30  WARN 24548 --- [fintrack] [main] JpaBaseConfiguration$JpaWebConfiguration : spring.jpa.open-in-view is enabled by default. Therefore, database queries may be performed during view rendering. Explicitly configure spring.jpa.open-in-view to disable this warning
2026-03-01T16:57:44.254+05:30  INFO 24548 --- [fintrack] [main] o.s.b.w.embedded.tomcat.TomcatWebServer  : Tomcat started on port 8080 (http) with context path '/api/v1.0'
2026-03-01T16:57:44.285+05:30  INFO 24548 --- [fintrack] [main] com.disha.fintrack.FintrackApplication   : Started FintrackApplication in 18.277 seconds (process running for 19.512)
2026-03-01T16:57:46.818+05:30  INFO 24548 --- [fintrack] [http-nio-8080-exec-1] o.a.c.c.C.[.[localhost].[/api/v1.0]      : Initializing Spring DispatcherServlet 'dispatcherServlet'
2026-03-01T16:57:46.818+05:30  INFO 24548 --- [fintrack] [http-nio-8080-exec-1] o.s.web.servlet.DispatcherServlet        : Initializing Servlet 'dispatcherServlet'
2026-03-01T16:57:46.823+05:30  INFO 24548 --- [fintrack] [http-nio-8080-exec-1] o.s.web.servlet.DispatcherServlet        : Completed initialization in 2 ms
2026-03-01T16:57:51.251+05:30  INFO 24548 --- [fintrack] [http-nio-8080-exec-9] c.d.f.s.PeriodWiseAnalyticsService       : Generating period-wise analytics for period: com.disha.fintrack.dto.Period@b9d2ea4
2026-03-01T16:57:51.254+05:30  INFO 24548 --- [fintrack] [http-nio-8080-exec-9] c.d.f.s.PeriodWiseAnalyticsService       : Processing week 1 of period com.disha.fintrack.dto.Period@b9d2ea4
2026-03-01T16:57:51.255+05:30  INFO 24548 --- [fintrack] [http-nio-8080-exec-9] c.d.f.s.PeriodWiseAnalyticsService       : Week 1 start date: 2026-03-01, end date: 2026-03-07
2026-03-01T16:57:51.372+05:30  INFO 24548 --- [fintrack] [http-nio-8080-exec-9] c.d.f.s.PeriodWiseAnalyticsService       : Week 1 income: 0.0, expense: 0.0
2026-03-01T16:57:51.375+05:30  INFO 24548 --- [fintrack] [http-nio-8080-exec-9] c.d.f.s.PeriodWiseAnalyticsService       : Processing week 2 of period com.disha.fintrack.dto.Period@b9d2ea4
2026-03-01T16:57:51.376+05:30  INFO 24548 --- [fintrack] [http-nio-8080-exec-9] c.d.f.s.PeriodWiseAnalyticsService       : Week 2 start date: 2026-03-08, end date: 2026-03-14
2026-03-01T16:57:51.397+05:30  INFO 24548 --- [fintrack] [http-nio-8080-exec-9] c.d.f.s.PeriodWiseAnalyticsService       : Week 2 income: 0.0, expense: 0.0
2026-03-01T16:57:51.397+05:30  INFO 24548 --- [fintrack] [http-nio-8080-exec-9] c.d.f.s.PeriodWiseAnalyticsService       : Processing week 3 of period com.disha.fintrack.dto.Period@b9d2ea4
2026-03-01T16:57:51.398+05:30  INFO 24548 --- [fintrack] [http-nio-8080-exec-9] c.d.f.s.PeriodWiseAnalyticsService       : Week 3 start date: 2026-03-15, end date: 2026-03-21
2026-03-01T16:57:51.420+05:30  INFO 24548 --- [fintrack] [http-nio-8080-exec-9] c.d.f.s.PeriodWiseAnalyticsService       : Week 3 income: 0.0, expense: 0.0
2026-03-01T16:57:51.420+05:30  INFO 24548 --- [fintrack] [http-nio-8080-exec-9] c.d.f.s.PeriodWiseAnalyticsService       : Processing week 4 of period com.disha.fintrack.dto.Period@b9d2ea4
2026-03-01T16:57:51.420+05:30  INFO 24548 --- [fintrack] [http-nio-8080-exec-9] c.d.f.s.PeriodWiseAnalyticsService       : Week 4 start date: 2026-03-22, end date: 2026-03-28
2026-03-01T16:57:51.448+05:30  INFO 24548 --- [fintrack] [http-nio-8080-exec-9] c.d.f.s.PeriodWiseAnalyticsService       : Week 4 income: 0.0, expense: 0.0
2026-03-01T16:58:00.771+05:30  INFO 24548 --- [fintrack] [http-nio-8080-exec-4] c.d.f.s.PeriodWiseAnalyticsService       : Generating period-wise analytics for period: com.disha.fintrack.dto.Period@84abb74
2026-03-01T16:58:00.772+05:30  INFO 24548 --- [fintrack] [http-nio-8080-exec-4] c.d.f.s.PeriodWiseAnalyticsService       : Processing week 1 of period com.disha.fintrack.dto.Period@84abb74
2026-03-01T16:58:00.772+05:30  INFO 24548 --- [fintrack] [http-nio-8080-exec-4] c.d.f.s.PeriodWiseAnalyticsService       : Week 1 start date: 2026-02-01, end date: 2026-02-07
2026-03-01T16:58:00.805+05:30  INFO 24548 --- [fintrack] [http-nio-8080-exec-4] c.d.f.s.PeriodWiseAnalyticsService       : Week 1 income: 100000.0, expense: 10.0
2026-03-01T16:58:00.805+05:30  INFO 24548 --- [fintrack] [http-nio-8080-exec-4] c.d.f.s.PeriodWiseAnalyticsService       : Processing week 2 of period com.disha.fintrack.dto.Period@84abb74
2026-03-01T16:58:00.805+05:30  INFO 24548 --- [fintrack] [http-nio-8080-exec-4] c.d.f.s.PeriodWiseAnalyticsService       : Week 2 start date: 2026-02-08, end date: 2026-02-14
2026-03-01T16:58:00.827+05:30  INFO 24548 --- [fintrack] [http-nio-8080-exec-4] c.d.f.s.PeriodWiseAnalyticsService       : Week 2 income: 0.0, expense: 0.0
2026-03-01T16:58:00.827+05:30  INFO 24548 --- [fintrack] [http-nio-8080-exec-4] c.d.f.s.PeriodWiseAnalyticsService       : Processing week 3 of period com.disha.fintrack.dto.Period@84abb74
2026-03-01T16:58:00.827+05:30  INFO 24548 --- [fintrack] [http-nio-8080-exec-4] c.d.f.s.PeriodWiseAnalyticsService       : Week 3 start date: 2026-02-15, end date: 2026-02-21
2026-03-01T16:58:00.849+05:30  INFO 24548 --- [fintrack] [http-nio-8080-exec-4] c.d.f.s.PeriodWiseAnalyticsService       : Week 3 income: 0.0, expense: 0.0
2026-03-01T16:58:00.850+05:30  INFO 24548 --- [fintrack] [http-nio-8080-exec-4] c.d.f.s.PeriodWiseAnalyticsService       : Processing week 4 of period com.disha.fintrack.dto.Period@84abb74
2026-03-01T16:58:00.850+05:30  INFO 24548 --- [fintrack] [http-nio-8080-exec-4] c.d.f.s.PeriodWiseAnalyticsService       : Week 4 start date: 2026-02-22, end date: 2026-02-28
2026-03-01T16:58:00.878+05:30  INFO 24548 --- [fintrack] [http-nio-8080-exec-4] c.d.f.s.PeriodWiseAnalyticsService       : Week 4 income: 0.0, expense: 0.0
2026-03-01T16:58:03.839+05:30  INFO 24548 --- [fintrack] [http-nio-8080-exec-9] c.d.f.s.PeriodWiseAnalyticsService       : Generating period-wise analytics for period: com.disha.fintrack.dto.Period@590c6b8
2026-03-01T16:58:03.839+05:30  INFO 24548 --- [fintrack] [http-nio-8080-exec-9] c.d.f.s.PeriodWiseAnalyticsService       : Processing week 1 of period com.disha.fintrack.dto.Period@590c6b8
2026-03-01T16:58:03.839+05:30  INFO 24548 --- [fintrack] [http-nio-8080-exec-9] c.d.f.s.PeriodWiseAnalyticsService       : Week 1 start date: 2026-01-01, end date: 2026-01-07
2026-03-01T16:58:03.858+05:30  INFO 24548 --- [fintrack] [http-nio-8080-exec-9] c.d.f.s.PeriodWiseAnalyticsService       : Week 1 income: 0.0, expense: 0.0
2026-03-01T16:58:03.858+05:30  INFO 24548 --- [fintrack] [http-nio-8080-exec-9] c.d.f.s.PeriodWiseAnalyticsService       : Processing week 2 of period com.disha.fintrack.dto.Period@590c6b8
2026-03-01T16:58:03.858+05:30  INFO 24548 --- [fintrack] [http-nio-8080-exec-9] c.d.f.s.PeriodWiseAnalyticsService       : Week 2 start date: 2026-01-08, end date: 2026-01-14
2026-03-01T16:58:03.876+05:30  INFO 24548 --- [fintrack] [http-nio-8080-exec-9] c.d.f.s.PeriodWiseAnalyticsService       : Week 2 income: 0.0, expense: 0.0
2026-03-01T16:58:03.876+05:30  INFO 24548 --- [fintrack] [http-nio-8080-exec-9] c.d.f.s.PeriodWiseAnalyticsService       : Processing week 3 of period com.disha.fintrack.dto.Period@590c6b8
2026-03-01T16:58:03.876+05:30  INFO 24548 --- [fintrack] [http-nio-8080-exec-9] c.d.f.s.PeriodWiseAnalyticsService       : Week 3 start date: 2026-01-15, end date: 2026-01-21
2026-03-01T16:58:03.906+05:30  INFO 24548 --- [fintrack] [http-nio-8080-exec-9] c.d.f.s.PeriodWiseAnalyticsService       : Week 3 income: 0.0, expense: 0.0
2026-03-01T16:58:03.906+05:30  INFO 24548 --- [fintrack] [http-nio-8080-exec-9] c.d.f.s.PeriodWiseAnalyticsService       : Processing week 4 of period com.disha.fintrack.dto.Period@590c6b8
2026-03-01T16:58:03.906+05:30  INFO 24548 --- [fintrack] [http-nio-8080-exec-9] c.d.f.s.PeriodWiseAnalyticsService       : Week 4 start date: 2026-01-22, end date: 2026-01-28
2026-03-01T16:58:03.925+05:30  INFO 24548 --- [fintrack] [http-nio-8080-exec-9] c.d.f.s.PeriodWiseAnalyticsService       : Week 4 income: 0.0, expense: 0.0
2026-03-01T17:26:22.993+05:30  INFO 24548 --- [fintrack] [SpringApplicationShutdownHook] j.LocalContainerEntityManagerFactoryBean : Closing JPA EntityManagerFactory for persistence unit 'default'
2026-03-01T17:26:23.074+05:30  INFO 24548 --- [fintrack] [SpringApplicationShutdownHook] com.zaxxer.hikari.HikariDataSource       : HikariPool-1 - Shutdown initiated...
2026-03-01T17:26:23.156+05:30  INFO 24548 --- [fintrack] [SpringApplicationShutdownHook] com.zaxxer.hikari.HikariDataSource       : HikariPool-1 - Shutdown completed.
